<?xml version="1.0" encoding="UTF-8"?>
<!-- Generated by org.testng.reporters.JUnitXMLReporter -->
<testsuite hostname="MikeW" name="MyFirstTest" tests="5" failures="0" timestamp="18 Dec 2017 15:10:21 GMT" time="25.739" errors="0">
  <testcase name="validateLandingPage" time="0.083" classname="com.revature.testsuites.MercuryLogin"/>
  <testcase name="loginToMercury" time="2.769" classname="com.revature.testsuites.MercuryLogin"/>
  <testcase name="loginToMercury" time="2.402" classname="com.revature.testsuites.MercuryLogin"/>
  <testcase name="loginToMercury" time="2.376" classname="com.revature.testsuites.MercuryLogin"/>
  <testcase name="loginToMercury" time="2.353" classname="com.revature.testsuites.MercuryLogin"/>
</testsuite> <!-- MyFirstTest -->
