<?xml version="1.0" encoding="UTF-8"?>
<testng-results skipped="0" failed="0" total="1" passed="1">
  <reporter-output>
  </reporter-output>
  <suite name="MySmokeTestSuite" duration-ms="12233" started-at="2017-12-18T15:23:22Z" finished-at="2017-12-18T15:23:35Z">
    <groups>
      <group name="smoke">
        <method signature="MercuryLogin.validateLandingPage()[pri:0, instance:com.revature.testsuites.MercuryLogin@604ed9f0]" name="validateLandingPage" class="com.revature.testsuites.MercuryLogin"/>
      </group> <!-- smoke -->
    </groups>
    <test name="MyFirstTest" duration-ms="12233" started-at="2017-12-18T15:23:22Z" finished-at="2017-12-18T15:23:35Z">
      <class name="com.revature.testsuites.MercuryLogin">
        <test-method status="PASS" signature="beforeTest()[pri:0, instance:com.revature.testsuites.MercuryLogin@604ed9f0]" name="beforeTest" is-config="true" duration-ms="12126" started-at="2017-12-18T10:23:22Z" finished-at="2017-12-18T10:23:35Z">
          <reporter-output>
          </reporter-output>
        </test-method> <!-- beforeTest -->
        <test-method status="PASS" signature="validateLandingPage()[pri:0, instance:com.revature.testsuites.MercuryLogin@604ed9f0]" name="validateLandingPage" duration-ms="57" started-at="2017-12-18T10:23:35Z" finished-at="2017-12-18T10:23:35Z">
          <reporter-output>
          </reporter-output>
        </test-method> <!-- validateLandingPage -->
      </class> <!-- com.revature.testsuites.MercuryLogin -->
    </test> <!-- MyFirstTest -->
  </suite> <!-- MySmokeTestSuite -->
</testng-results>
