<?xml version="1.0" encoding="UTF-8"?>
<testng-results skipped="0" failed="0" total="5" passed="5">
  <reporter-output>
  </reporter-output>
  <suite name="Default suite" duration-ms="16552" started-at="2017-12-18T15:23:15Z" finished-at="2017-12-18T15:23:32Z">
    <groups>
      <group name="AnotherGroups">
        <method signature="MercuryLogin.loginToMercury(java.lang.String, java.lang.String)[pri:0, instance:com.revature.testsuites.MercuryLogin@29ee9faa]" name="loginToMercury" class="com.revature.testsuites.MercuryLogin"/>
      </group> <!-- AnotherGroups -->
      <group name="regression">
        <method signature="MercuryLogin.loginToMercury(java.lang.String, java.lang.String)[pri:0, instance:com.revature.testsuites.MercuryLogin@29ee9faa]" name="loginToMercury" class="com.revature.testsuites.MercuryLogin"/>
      </group> <!-- regression -->
      <group name="smoke">
        <method signature="MercuryLogin.validateLandingPage()[pri:0, instance:com.revature.testsuites.MercuryLogin@29ee9faa]" name="validateLandingPage" class="com.revature.testsuites.MercuryLogin"/>
      </group> <!-- smoke -->
    </groups>
    <test name="Default test" duration-ms="16552" started-at="2017-12-18T15:23:15Z" finished-at="2017-12-18T15:23:32Z">
      <class name="com.revature.testsuites.MercuryLogin">
        <test-method status="PASS" signature="beforeTest()[pri:0, instance:com.revature.testsuites.MercuryLogin@29ee9faa]" name="beforeTest" is-config="true" duration-ms="9006" started-at="2017-12-18T10:23:15Z" finished-at="2017-12-18T10:23:24Z">
          <reporter-output>
          </reporter-output>
        </test-method> <!-- beforeTest -->
        <test-method status="PASS" signature="validateLandingPage()[pri:0, instance:com.revature.testsuites.MercuryLogin@29ee9faa]" name="validateLandingPage" duration-ms="21" started-at="2017-12-18T10:23:24Z" finished-at="2017-12-18T10:23:24Z">
          <reporter-output>
          </reporter-output>
        </test-method> <!-- validateLandingPage -->
        <test-method status="PASS" signature="loginToMercury(java.lang.String, java.lang.String)[pri:0, instance:com.revature.testsuites.MercuryLogin@29ee9faa]" name="loginToMercury" duration-ms="1685" started-at="2017-12-18T10:23:25Z" data-provider="provideAccountDetailsDynamic" finished-at="2017-12-18T10:23:27Z">
          <params>
            <param index="0">
              <value>
                <![CDATA[tropicana]]>
              </value>
            </param>
            <param index="1">
              <value>
                <![CDATA[tropicana]]>
              </value>
            </param>
          </params>
          <reporter-output>
          </reporter-output>
        </test-method> <!-- loginToMercury -->
        <test-method status="PASS" signature="loginToMercury(java.lang.String, java.lang.String)[pri:0, instance:com.revature.testsuites.MercuryLogin@29ee9faa]" name="loginToMercury" duration-ms="1446" started-at="2017-12-18T10:23:27Z" data-provider="provideAccountDetailsDynamic" finished-at="2017-12-18T10:23:28Z">
          <params>
            <param index="0">
              <value>
                <![CDATA[newman]]>
              </value>
            </param>
            <param index="1">
              <value>
                <![CDATA[newman]]>
              </value>
            </param>
          </params>
          <reporter-output>
          </reporter-output>
        </test-method> <!-- loginToMercury -->
        <test-method status="PASS" signature="loginToMercury(java.lang.String, java.lang.String)[pri:0, instance:com.revature.testsuites.MercuryLogin@29ee9faa]" name="loginToMercury" duration-ms="1433" started-at="2017-12-18T10:23:28Z" data-provider="provideAccountDetailsDynamic" finished-at="2017-12-18T10:23:30Z">
          <params>
            <param index="0">
              <value>
                <![CDATA[goodbye]]>
              </value>
            </param>
            <param index="1">
              <value>
                <![CDATA[hello]]>
              </value>
            </param>
          </params>
          <reporter-output>
          </reporter-output>
        </test-method> <!-- loginToMercury -->
        <test-method status="PASS" signature="loginToMercury(java.lang.String, java.lang.String)[pri:0, instance:com.revature.testsuites.MercuryLogin@29ee9faa]" name="loginToMercury" duration-ms="1451" started-at="2017-12-18T10:23:30Z" data-provider="provideAccountDetailsDynamic" finished-at="2017-12-18T10:23:31Z">
          <params>
            <param index="0">
              <value>
                <![CDATA[bobbert]]>
              </value>
            </param>
            <param index="1">
              <value>
                <![CDATA[bobbert]]>
              </value>
            </param>
          </params>
          <reporter-output>
          </reporter-output>
        </test-method> <!-- loginToMercury -->
        <test-method status="PASS" signature="afterTest()[pri:0, instance:com.revature.testsuites.MercuryLogin@29ee9faa]" name="afterTest" is-config="true" duration-ms="784" started-at="2017-12-18T10:23:31Z" finished-at="2017-12-18T10:23:32Z">
          <reporter-output>
          </reporter-output>
        </test-method> <!-- afterTest -->
      </class> <!-- com.revature.testsuites.MercuryLogin -->
    </test> <!-- Default test -->
  </suite> <!-- Default suite -->
</testng-results>
