<?xml version="1.0" encoding="UTF-8"?>
<testng-results skipped="0" failed="0" total="1" passed="1">
  <reporter-output>
  </reporter-output>
  <suite name="MySmokeTestSuite" duration-ms="5123" started-at="2017-12-18T15:22:55Z" finished-at="2017-12-18T15:23:00Z">
    <groups>
      <group name="smoke">
        <method signature="MercuryLogin.validateLandingPage()[pri:0, instance:com.revature.testsuites.MercuryLogin@c038203]" name="validateLandingPage" class="com.revature.testsuites.MercuryLogin"/>
      </group> <!-- smoke -->
    </groups>
    <test name="WhateverYouWant" duration-ms="5123" started-at="2017-12-18T15:22:55Z" finished-at="2017-12-18T15:23:00Z">
      <class name="com.revature.testsuites.MercuryLogin">
        <test-method status="PASS" signature="beforeTest()[pri:0, instance:com.revature.testsuites.MercuryLogin@c038203]" name="beforeTest" is-config="true" duration-ms="4334" started-at="2017-12-18T10:22:55Z" finished-at="2017-12-18T10:23:00Z">
          <reporter-output>
          </reporter-output>
        </test-method> <!-- beforeTest -->
        <test-method status="PASS" signature="validateLandingPage()[pri:0, instance:com.revature.testsuites.MercuryLogin@c038203]" name="validateLandingPage" duration-ms="13" started-at="2017-12-18T10:23:00Z" finished-at="2017-12-18T10:23:00Z">
          <reporter-output>
          </reporter-output>
        </test-method> <!-- validateLandingPage -->
        <test-method status="PASS" signature="afterTest()[pri:0, instance:com.revature.testsuites.MercuryLogin@c038203]" name="afterTest" is-config="true" duration-ms="764" started-at="2017-12-18T10:23:00Z" finished-at="2017-12-18T10:23:00Z">
          <reporter-output>
          </reporter-output>
        </test-method> <!-- afterTest -->
      </class> <!-- com.revature.testsuites.MercuryLogin -->
    </test> <!-- WhateverYouWant -->
  </suite> <!-- MySmokeTestSuite -->
</testng-results>
