<?xml version="1.0" encoding="UTF-8"?>
<!-- Generated by org.testng.reporters.JUnitXMLReporter -->
<testsuite hostname="MSI" name="WhateverYouWant" tests="5" failures="0" timestamp="18 Dec 2017 15:14:10 GMT" time="11.917" errors="0">
  <testcase name="validateLandingPage" time="0.015" classname="com.revature.testsuites.MercuryLogin"/>
  <testcase name="loginToMercury" time="1.772" classname="com.revature.testsuites.MercuryLogin"/>
  <testcase name="loginToMercury" time="1.429" classname="com.revature.testsuites.MercuryLogin"/>
  <testcase name="loginToMercury" time="1.512" classname="com.revature.testsuites.MercuryLogin"/>
  <testcase name="loginToMercury" time="1.339" classname="com.revature.testsuites.MercuryLogin"/>
</testsuite> <!-- WhateverYouWant -->
