<?xml version="1.0" encoding="UTF-8"?>
<!-- Generated by org.testng.reporters.JUnitXMLReporter -->
<testsuite hostname="MSI" name="Default test" tests="5" failures="0" timestamp="13 Dec 2017 20:41:26 GMT" time="14.189" errors="0">
  <testcase name="validateLandingPage" time="0.013" classname="com.revature.testsuites.MercuryLogin"/>
  <testcase name="loginToMercury" time="2.129" classname="com.revature.testsuites.MercuryLogin"/>
  <testcase name="loginToMercury" time="2.153" classname="com.revature.testsuites.MercuryLogin"/>
  <testcase name="loginToMercury" time="1.74" classname="com.revature.testsuites.MercuryLogin"/>
  <testcase name="loginToMercury" time="2.661" classname="com.revature.testsuites.MercuryLogin"/>
</testsuite> <!-- Default test -->
