<?xml version="1.0" encoding="UTF-8"?>
<testng-results skipped="0" failed="0" total="5" passed="5">
  <reporter-output>
  </reporter-output>
  <suite name="Default suite" duration-ms="14189" started-at="2017-12-13T20:41:12Z" finished-at="2017-12-13T20:41:26Z">
    <groups>
    </groups>
    <test name="Default test" duration-ms="14189" started-at="2017-12-13T20:41:12Z" finished-at="2017-12-13T20:41:26Z">
      <class name="com.revature.testsuites.MercuryLogin">
        <test-method status="PASS" signature="beforeTest()[pri:0, instance:com.revature.testsuites.MercuryLogin@6767c1fc]" name="beforeTest" is-config="true" duration-ms="4425" started-at="2017-12-13T15:41:12Z" finished-at="2017-12-13T15:41:17Z">
          <reporter-output>
          </reporter-output>
        </test-method> <!-- beforeTest -->
        <test-method status="PASS" signature="validateLandingPage()[pri:0, instance:com.revature.testsuites.MercuryLogin@6767c1fc]" name="validateLandingPage" duration-ms="13" started-at="2017-12-13T15:41:17Z" finished-at="2017-12-13T15:41:17Z">
          <reporter-output>
          </reporter-output>
        </test-method> <!-- validateLandingPage -->
        <test-method status="PASS" signature="loginToMercury(java.lang.String, java.lang.String)[pri:0, instance:com.revature.testsuites.MercuryLogin@6767c1fc]" name="loginToMercury" duration-ms="2129" started-at="2017-12-13T15:41:17Z" data-provider="provideAccountDetailsDynamic" finished-at="2017-12-13T15:41:19Z">
          <params>
            <param index="0">
              <value>
                <![CDATA[tropicana]]>
              </value>
            </param>
            <param index="1">
              <value>
                <![CDATA[tropicana]]>
              </value>
            </param>
          </params>
          <reporter-output>
          </reporter-output>
        </test-method> <!-- loginToMercury -->
        <test-method status="PASS" signature="loginToMercury(java.lang.String, java.lang.String)[pri:0, instance:com.revature.testsuites.MercuryLogin@6767c1fc]" name="loginToMercury" duration-ms="2153" started-at="2017-12-13T15:41:19Z" data-provider="provideAccountDetailsDynamic" finished-at="2017-12-13T15:41:21Z">
          <params>
            <param index="0">
              <value>
                <![CDATA[newman]]>
              </value>
            </param>
            <param index="1">
              <value>
                <![CDATA[newman]]>
              </value>
            </param>
          </params>
          <reporter-output>
          </reporter-output>
        </test-method> <!-- loginToMercury -->
        <test-method status="PASS" signature="loginToMercury(java.lang.String, java.lang.String)[pri:0, instance:com.revature.testsuites.MercuryLogin@6767c1fc]" name="loginToMercury" duration-ms="1740" started-at="2017-12-13T15:41:21Z" data-provider="provideAccountDetailsDynamic" finished-at="2017-12-13T15:41:23Z">
          <params>
            <param index="0">
              <value>
                <![CDATA[goodbye]]>
              </value>
            </param>
            <param index="1">
              <value>
                <![CDATA[hello]]>
              </value>
            </param>
          </params>
          <reporter-output>
          </reporter-output>
        </test-method> <!-- loginToMercury -->
        <test-method status="PASS" signature="loginToMercury(java.lang.String, java.lang.String)[pri:0, instance:com.revature.testsuites.MercuryLogin@6767c1fc]" name="loginToMercury" duration-ms="2661" started-at="2017-12-13T15:41:23Z" data-provider="provideAccountDetailsDynamic" finished-at="2017-12-13T15:41:26Z">
          <params>
            <param index="0">
              <value>
                <![CDATA[bobbert]]>
              </value>
            </param>
            <param index="1">
              <value>
                <![CDATA[bobbert]]>
              </value>
            </param>
          </params>
          <reporter-output>
          </reporter-output>
        </test-method> <!-- loginToMercury -->
        <test-method status="PASS" signature="afterTest()[pri:0, instance:com.revature.testsuites.MercuryLogin@6767c1fc]" name="afterTest" is-config="true" duration-ms="647" started-at="2017-12-13T15:41:26Z" finished-at="2017-12-13T15:41:26Z">
          <reporter-output>
          </reporter-output>
        </test-method> <!-- afterTest -->
      </class> <!-- com.revature.testsuites.MercuryLogin -->
    </test> <!-- Default test -->
  </suite> <!-- Default suite -->
</testng-results>
